08-18 14:17:24 com_github_MitjaNemec_ReplicateLayout.action_replicate_layout 392:Plugin executed on: 'win32'
08-18 14:17:24 com_github_MitjaNemec_ReplicateLayout.action_replicate_layout 393:Plugin executed with python version: '3.9.16 (main, Apr  9 2023, 05:22:13) [MSC v.1934 64 bit (AMD64)]'
08-18 14:17:24 com_github_MitjaNemec_ReplicateLayout.action_replicate_layout 394:KiCad build version: 7.0.2
08-18 14:17:24 com_github_MitjaNemec_ReplicateLayout.action_replicate_layout 395:Plugin version: 2.1.3
08-18 14:17:24 com_github_MitjaNemec_ReplicateLayout.action_replicate_layout 396:Frame repr: <wx._core.Frame object at 0x000001E04884BE50>
08-18 14:17:24 com_github_MitjaNemec_ReplicateLayout.action_replicate_layout 420:Preparing replicator with U5 as a reference
08-18 14:17:24 com_github_MitjaNemec_ReplicateLayout.replicate_layout 117:getting a list of all footprints on board
08-18 14:17:24 com_github_MitjaNemec_ReplicateLayout.action_replicate_layout 468:source anchor footprint is 'U5'
Located on: ['PWR_template4']
With filenames: ['PWR_template.kicad_sch']
With sheet_id:['PWR_template4']
08-18 14:17:24 com_github_MitjaNemec_ReplicateLayout.action_replicate_layout 475:Corresponding footprints are 
[('U10', ['PWR_template5']), ('U5', ['PWR_template4']), ('U4', ['PWR_template3']), ('U3', ['PWR_template2']), ('U2', ['PWR_template1']), ('U1', ['PWR_template'])]
08-18 14:17:24 com_github_MitjaNemec_ReplicateLayout.action_replicate_layout 487:Showing dialog
08-18 14:17:24 com_github_MitjaNemec_ReplicateLayout.replicate_layout 424:constructing a list of sheets suitable for replication on level:'PWR_template4', file:'PWR_template.kicad_sch'
08-18 14:17:24 com_github_MitjaNemec_ReplicateLayout.replicate_layout 461:suitable sheets are:[['PWR_template'], ['PWR_template1'], ['PWR_template2'], ['PWR_template3'], ['PWR_template5']]
08-18 14:17:24 com_github_MitjaNemec_ReplicateLayout.replicate_layout 1464:Level selected: ['PWR_template4']
08-18 14:17:24 com_github_MitjaNemec_ReplicateLayout.replicate_layout 1299:Filtering list of tracks
08-18 14:17:24 com_github_MitjaNemec_ReplicateLayout.action_replicate_layout 493:Toolbar position: wx.Point(5701, 721)
08-18 14:17:24 com_github_MitjaNemec_ReplicateLayout.action_replicate_layout 498:Dialog position: wx.Point(5262, 721)
08-18 14:17:26 com_github_MitjaNemec_ReplicateLayout.replicate_layout 424:constructing a list of sheets suitable for replication on level:'PWR_template4', file:'PWR_template.kicad_sch'
08-18 14:17:26 com_github_MitjaNemec_ReplicateLayout.replicate_layout 461:suitable sheets are:[['PWR_template'], ['PWR_template1'], ['PWR_template2'], ['PWR_template3'], ['PWR_template5']]
08-18 14:17:26 com_github_MitjaNemec_ReplicateLayout.action_replicate_layout 240:Replicating layout
08-18 14:17:26 com_github_MitjaNemec_ReplicateLayout.replicate_layout 240:Starting replication of sheets: [['PWR_template'], ['PWR_template1'], ['PWR_template2'], ['PWR_template3'], ['PWR_template5']]
on level: ['PWR_template4']
with tracks=True, zone=True, text=True, text=True, intersecting=False, remove=False, locked footprints=False, group_only=False
08-18 14:17:26 root 332:updating GUI message: 'Preparing for replication'
08-18 14:17:26 root 337:updating GUI with: 0
08-18 14:17:26 com_github_MitjaNemec_ReplicateLayout.replicate_layout 310:Getting the list of source footprints
08-18 14:17:26 com_github_MitjaNemec_ReplicateLayout.replicate_layout 320:Getting the list of all the remaining footprints
08-18 14:17:26 com_github_MitjaNemec_ReplicateLayout.replicate_layout 327:Getting source tracks
08-18 14:17:26 com_github_MitjaNemec_ReplicateLayout.replicate_layout 1299:Filtering list of tracks
08-18 14:17:26 com_github_MitjaNemec_ReplicateLayout.replicate_layout 331:Getting source zones
08-18 14:17:26 com_github_MitjaNemec_ReplicateLayout.replicate_layout 335:Getting source text items
08-18 14:17:26 com_github_MitjaNemec_ReplicateLayout.replicate_layout 339:Getting source drawing items
08-18 14:17:26 root 332:updating GUI message: 'Replicating footprints'
08-18 14:17:26 com_github_MitjaNemec_ReplicateLayout.replicate_layout 806:Replicating footprints
08-18 14:17:26 com_github_MitjaNemec_ReplicateLayout.replicate_layout 813:Replicating footprints on sheet ['PWR_template']
08-18 14:17:26 com_github_MitjaNemec_ReplicateLayout.replicate_layout 813:Replicating footprints on sheet ['PWR_template1']
08-18 14:17:26 com_github_MitjaNemec_ReplicateLayout.replicate_layout 813:Replicating footprints on sheet ['PWR_template2']
08-18 14:17:26 root 337:updating GUI with: 58
08-18 14:17:26 com_github_MitjaNemec_ReplicateLayout.replicate_layout 813:Replicating footprints on sheet ['PWR_template3']
08-18 14:17:26 com_github_MitjaNemec_ReplicateLayout.replicate_layout 813:Replicating footprints on sheet ['PWR_template5']
08-18 14:17:26 root 332:updating GUI message: 'Replicating tracks'
08-18 14:17:26 com_github_MitjaNemec_ReplicateLayout.replicate_layout 977:Replicating tracks
08-18 14:17:26 com_github_MitjaNemec_ReplicateLayout.replicate_layout 983:Replicating tracks on sheet ['PWR_template']
08-18 14:17:26 com_github_MitjaNemec_ReplicateLayout.replicate_layout 766:Net pairs for sheet ['PWR_template'] :[('unconnected-(U5-NC-Pad9)', 'unconnected-(U1-NC-Pad9)'), ('unconnected-(U5-NC-Pad26)', 'unconnected-(U1-NC-Pad26)'), ('unconnected-(U5-MODE-Pad13)', 'unconnected-(U1-MODE-Pad13)'), ('VCC', 'VCC'), ('Net-(U5-SW-Pad1)', 'Net-(U1-SW-Pad1)'), ('unconnected-(U5-NC-Pad5)', 'unconnected-(U1-NC-Pad5)'), ('unconnected-(U5-NC-Pad7)', 'unconnected-(U1-NC-Pad7)'), ('Net-(U5-PG)', 'Net-(U1-PG)'), ('GND', 'GND'), ('Net-(C13-Pad1)', 'Net-(C2-Pad1)'), ('unconnected-(U5-NC-Pad30)', 'unconnected-(U1-NC-Pad30)'), ('unconnected-(U5-REF-Pad14)', 'unconnected-(U1-REF-Pad14)'), ('unconnected-(U5-CS-Pad12)', 'unconnected-(U1-CS-Pad12)'), ('unconnected-(U5-NC-Pad8)', 'unconnected-(U1-NC-Pad8)'), ('Net-(U5-EN)', 'Net-(U1-EN)'), ('unconnected-(U5-NC-Pad6)', 'unconnected-(U1-NC-Pad6)'), ('Net-(U5-FB)', 'Net-(U1-FB)'), ('unconnected-(U5-NC-Pad25)', 'unconnected-(U1-NC-Pad25)'), ('Net-(U5-RGND)', 'Net-(U1-RGND)'), ('unconnected-(U5-NC-Pad27)', 'unconnected-(U1-NC-Pad27)')]
08-18 14:17:26 com_github_MitjaNemec_ReplicateLayout.replicate_layout 983:Replicating tracks on sheet ['PWR_template1']
08-18 14:17:26 com_github_MitjaNemec_ReplicateLayout.replicate_layout 766:Net pairs for sheet ['PWR_template1'] :[('Net-(U5-PG)', 'Net-(U2-PG)'), ('unconnected-(U5-REF-Pad14)', 'unconnected-(U2-REF-Pad14)'), ('unconnected-(U5-MODE-Pad13)', 'unconnected-(U2-MODE-Pad13)'), ('VCC', 'VCC'), ('Net-(U5-SW-Pad1)', 'Net-(U2-SW-Pad1)'), ('unconnected-(U5-NC-Pad6)', 'unconnected-(U2-NC-Pad6)'), ('GND', 'GND'), ('Net-(U5-FB)', 'Net-(U2-FB)'), ('Net-(U5-RGND)', 'Net-(U2-RGND)'), ('unconnected-(U5-NC-Pad30)', 'unconnected-(U2-NC-Pad30)'), ('Net-(U5-EN)', 'Net-(U2-EN)'), ('unconnected-(U5-NC-Pad7)', 'unconnected-(U2-NC-Pad7)'), ('unconnected-(U5-CS-Pad12)', 'unconnected-(U2-CS-Pad12)'), ('unconnected-(U5-NC-Pad8)', 'unconnected-(U2-NC-Pad8)'), ('Net-(C13-Pad1)', 'Net-(C4-Pad1)'), ('unconnected-(U5-NC-Pad27)', 'unconnected-(U2-NC-Pad27)'), ('unconnected-(U5-NC-Pad9)', 'unconnected-(U2-NC-Pad9)'), ('unconnected-(U5-NC-Pad26)', 'unconnected-(U2-NC-Pad26)'), ('unconnected-(U5-NC-Pad5)', 'unconnected-(U2-NC-Pad5)'), ('unconnected-(U5-NC-Pad25)', 'unconnected-(U2-NC-Pad25)')]
08-18 14:17:26 com_github_MitjaNemec_ReplicateLayout.replicate_layout 983:Replicating tracks on sheet ['PWR_template2']
08-18 14:17:26 com_github_MitjaNemec_ReplicateLayout.replicate_layout 766:Net pairs for sheet ['PWR_template2'] :[('VCC', 'VCC'), ('unconnected-(U5-NC-Pad7)', 'unconnected-(U3-NC-Pad7)'), ('unconnected-(U5-NC-Pad27)', 'unconnected-(U3-NC-Pad27)'), ('GND', 'GND'), ('unconnected-(U5-NC-Pad30)', 'unconnected-(U3-NC-Pad30)'), ('unconnected-(U5-REF-Pad14)', 'unconnected-(U3-REF-Pad14)'), ('unconnected-(U5-NC-Pad5)', 'unconnected-(U3-NC-Pad5)'), ('Net-(U5-FB)', 'Net-(U3-FB)'), ('Net-(U5-PG)', 'Net-(U3-PG)'), ('Net-(U5-EN)', 'Net-(U3-EN)'), ('unconnected-(U5-NC-Pad9)', 'unconnected-(U3-NC-Pad9)'), ('unconnected-(U5-NC-Pad26)', 'unconnected-(U3-NC-Pad26)'), ('Net-(U5-RGND)', 'Net-(U3-RGND)'), ('unconnected-(U5-NC-Pad6)', 'unconnected-(U3-NC-Pad6)'), ('Net-(U5-SW-Pad1)', 'Net-(U3-SW-Pad1)'), ('unconnected-(U5-NC-Pad25)', 'unconnected-(U3-NC-Pad25)'), ('unconnected-(U5-NC-Pad8)', 'unconnected-(U3-NC-Pad8)'), ('unconnected-(U5-CS-Pad12)', 'unconnected-(U3-CS-Pad12)'), ('unconnected-(U5-MODE-Pad13)', 'unconnected-(U3-MODE-Pad13)'), ('Net-(C13-Pad1)', 'Net-(C7-Pad1)')]
08-18 14:17:26 com_github_MitjaNemec_ReplicateLayout.replicate_layout 983:Replicating tracks on sheet ['PWR_template3']
08-18 14:17:26 com_github_MitjaNemec_ReplicateLayout.replicate_layout 766:Net pairs for sheet ['PWR_template3'] :[('unconnected-(U5-NC-Pad7)', 'unconnected-(U4-NC-Pad7)'), ('unconnected-(U5-NC-Pad9)', 'unconnected-(U4-NC-Pad9)'), ('unconnected-(U5-NC-Pad5)', 'unconnected-(U4-NC-Pad5)'), ('VCC', 'VCC'), ('Net-(C13-Pad1)', 'Net-(C10-Pad1)'), ('GND', 'GND'), ('unconnected-(U5-NC-Pad6)', 'unconnected-(U4-NC-Pad6)'), ('Net-(U5-RGND)', 'Net-(U4-RGND)'), ('unconnected-(U5-NC-Pad30)', 'unconnected-(U4-NC-Pad30)'), ('Net-(U5-FB)', 'Net-(U4-FB)'), ('unconnected-(U5-NC-Pad25)', 'unconnected-(U4-NC-Pad25)'), ('Net-(U5-EN)', 'Net-(U4-EN)'), ('unconnected-(U5-NC-Pad27)', 'unconnected-(U4-NC-Pad27)'), ('unconnected-(U5-CS-Pad12)', 'unconnected-(U4-CS-Pad12)'), ('Net-(U5-SW-Pad1)', 'Net-(U4-SW-Pad1)'), ('unconnected-(U5-NC-Pad8)', 'unconnected-(U4-NC-Pad8)'), ('unconnected-(U5-REF-Pad14)', 'unconnected-(U4-REF-Pad14)'), ('Net-(U5-PG)', 'Net-(U4-PG)'), ('unconnected-(U5-NC-Pad26)', 'unconnected-(U4-NC-Pad26)'), ('unconnected-(U5-MODE-Pad13)', 'unconnected-(U4-MODE-Pad13)')]
08-18 14:17:26 com_github_MitjaNemec_ReplicateLayout.replicate_layout 983:Replicating tracks on sheet ['PWR_template5']
08-18 14:17:26 com_github_MitjaNemec_ReplicateLayout.replicate_layout 766:Net pairs for sheet ['PWR_template5'] :[('unconnected-(U5-NC-Pad7)', 'unconnected-(U10-NC-Pad7)'), ('VCC', 'VCC'), ('Net-(U5-SW-Pad1)', 'Net-(U10-SW-Pad1)'), ('unconnected-(U5-REF-Pad14)', 'unconnected-(U10-REF-Pad14)'), ('GND', 'GND'), ('unconnected-(U5-NC-Pad9)', 'unconnected-(U10-NC-Pad9)'), ('unconnected-(U5-NC-Pad8)', 'unconnected-(U10-NC-Pad8)'), ('unconnected-(U5-CS-Pad12)', 'unconnected-(U10-CS-Pad12)'), ('unconnected-(U5-NC-Pad6)', 'unconnected-(U10-NC-Pad6)'), ('Net-(U5-RGND)', 'Net-(U10-RGND)'), ('unconnected-(U5-NC-Pad30)', 'unconnected-(U10-NC-Pad30)'), ('unconnected-(U5-MODE-Pad13)', 'unconnected-(U10-MODE-Pad13)'), ('Net-(U5-EN)', 'Net-(U10-EN)'), ('Net-(C13-Pad1)', 'Net-(C16-Pad1)'), ('unconnected-(U5-NC-Pad25)', 'unconnected-(U10-NC-Pad25)'), ('unconnected-(U5-NC-Pad27)', 'unconnected-(U10-NC-Pad27)'), ('unconnected-(U5-NC-Pad26)', 'unconnected-(U10-NC-Pad26)'), ('Net-(U5-FB)', 'Net-(U10-FB)'), ('Net-(U5-PG)', 'Net-(U10-PG)'), ('unconnected-(U5-NC-Pad5)', 'unconnected-(U10-NC-Pad5)')]
08-18 14:17:26 root 337:updating GUI with: 90
08-18 14:17:26 root 332:updating GUI message: 'Replicating zones'
08-18 14:17:26 com_github_MitjaNemec_ReplicateLayout.replicate_layout 1047:Replicating zones
08-18 14:17:26 com_github_MitjaNemec_ReplicateLayout.replicate_layout 1054:Replicating zones on sheet ['PWR_template']
08-18 14:17:26 com_github_MitjaNemec_ReplicateLayout.replicate_layout 766:Net pairs for sheet ['PWR_template'] :[('unconnected-(U5-NC-Pad9)', 'unconnected-(U1-NC-Pad9)'), ('unconnected-(U5-NC-Pad26)', 'unconnected-(U1-NC-Pad26)'), ('unconnected-(U5-MODE-Pad13)', 'unconnected-(U1-MODE-Pad13)'), ('VCC', 'VCC'), ('Net-(U5-SW-Pad1)', 'Net-(U1-SW-Pad1)'), ('unconnected-(U5-NC-Pad5)', 'unconnected-(U1-NC-Pad5)'), ('unconnected-(U5-NC-Pad7)', 'unconnected-(U1-NC-Pad7)'), ('Net-(U5-PG)', 'Net-(U1-PG)'), ('GND', 'GND'), ('Net-(C13-Pad1)', 'Net-(C2-Pad1)'), ('unconnected-(U5-NC-Pad30)', 'unconnected-(U1-NC-Pad30)'), ('unconnected-(U5-REF-Pad14)', 'unconnected-(U1-REF-Pad14)'), ('unconnected-(U5-CS-Pad12)', 'unconnected-(U1-CS-Pad12)'), ('unconnected-(U5-NC-Pad8)', 'unconnected-(U1-NC-Pad8)'), ('Net-(U5-EN)', 'Net-(U1-EN)'), ('unconnected-(U5-NC-Pad6)', 'unconnected-(U1-NC-Pad6)'), ('Net-(U5-FB)', 'Net-(U1-FB)'), ('unconnected-(U5-NC-Pad25)', 'unconnected-(U1-NC-Pad25)'), ('Net-(U5-RGND)', 'Net-(U1-RGND)'), ('unconnected-(U5-NC-Pad27)', 'unconnected-(U1-NC-Pad27)')]
08-18 14:17:26 com_github_MitjaNemec_ReplicateLayout.replicate_layout 1054:Replicating zones on sheet ['PWR_template1']
08-18 14:17:26 com_github_MitjaNemec_ReplicateLayout.replicate_layout 766:Net pairs for sheet ['PWR_template1'] :[('Net-(U5-PG)', 'Net-(U2-PG)'), ('unconnected-(U5-REF-Pad14)', 'unconnected-(U2-REF-Pad14)'), ('unconnected-(U5-MODE-Pad13)', 'unconnected-(U2-MODE-Pad13)'), ('VCC', 'VCC'), ('Net-(U5-SW-Pad1)', 'Net-(U2-SW-Pad1)'), ('unconnected-(U5-NC-Pad6)', 'unconnected-(U2-NC-Pad6)'), ('GND', 'GND'), ('Net-(U5-FB)', 'Net-(U2-FB)'), ('Net-(U5-RGND)', 'Net-(U2-RGND)'), ('unconnected-(U5-NC-Pad30)', 'unconnected-(U2-NC-Pad30)'), ('Net-(U5-EN)', 'Net-(U2-EN)'), ('unconnected-(U5-NC-Pad7)', 'unconnected-(U2-NC-Pad7)'), ('unconnected-(U5-CS-Pad12)', 'unconnected-(U2-CS-Pad12)'), ('unconnected-(U5-NC-Pad8)', 'unconnected-(U2-NC-Pad8)'), ('Net-(C13-Pad1)', 'Net-(C4-Pad1)'), ('unconnected-(U5-NC-Pad27)', 'unconnected-(U2-NC-Pad27)'), ('unconnected-(U5-NC-Pad9)', 'unconnected-(U2-NC-Pad9)'), ('unconnected-(U5-NC-Pad26)', 'unconnected-(U2-NC-Pad26)'), ('unconnected-(U5-NC-Pad5)', 'unconnected-(U2-NC-Pad5)'), ('unconnected-(U5-NC-Pad25)', 'unconnected-(U2-NC-Pad25)')]
08-18 14:17:26 com_github_MitjaNemec_ReplicateLayout.replicate_layout 1054:Replicating zones on sheet ['PWR_template2']
08-18 14:17:26 com_github_MitjaNemec_ReplicateLayout.replicate_layout 766:Net pairs for sheet ['PWR_template2'] :[('VCC', 'VCC'), ('unconnected-(U5-NC-Pad7)', 'unconnected-(U3-NC-Pad7)'), ('unconnected-(U5-NC-Pad27)', 'unconnected-(U3-NC-Pad27)'), ('GND', 'GND'), ('unconnected-(U5-NC-Pad30)', 'unconnected-(U3-NC-Pad30)'), ('unconnected-(U5-REF-Pad14)', 'unconnected-(U3-REF-Pad14)'), ('unconnected-(U5-NC-Pad5)', 'unconnected-(U3-NC-Pad5)'), ('Net-(U5-FB)', 'Net-(U3-FB)'), ('Net-(U5-PG)', 'Net-(U3-PG)'), ('Net-(U5-EN)', 'Net-(U3-EN)'), ('unconnected-(U5-NC-Pad9)', 'unconnected-(U3-NC-Pad9)'), ('unconnected-(U5-NC-Pad26)', 'unconnected-(U3-NC-Pad26)'), ('Net-(U5-RGND)', 'Net-(U3-RGND)'), ('unconnected-(U5-NC-Pad6)', 'unconnected-(U3-NC-Pad6)'), ('Net-(U5-SW-Pad1)', 'Net-(U3-SW-Pad1)'), ('unconnected-(U5-NC-Pad25)', 'unconnected-(U3-NC-Pad25)'), ('unconnected-(U5-NC-Pad8)', 'unconnected-(U3-NC-Pad8)'), ('unconnected-(U5-CS-Pad12)', 'unconnected-(U3-CS-Pad12)'), ('unconnected-(U5-MODE-Pad13)', 'unconnected-(U3-MODE-Pad13)'), ('Net-(C13-Pad1)', 'Net-(C7-Pad1)')]
08-18 14:17:26 com_github_MitjaNemec_ReplicateLayout.replicate_layout 1054:Replicating zones on sheet ['PWR_template3']
08-18 14:17:26 com_github_MitjaNemec_ReplicateLayout.replicate_layout 766:Net pairs for sheet ['PWR_template3'] :[('unconnected-(U5-NC-Pad7)', 'unconnected-(U4-NC-Pad7)'), ('unconnected-(U5-NC-Pad9)', 'unconnected-(U4-NC-Pad9)'), ('unconnected-(U5-NC-Pad5)', 'unconnected-(U4-NC-Pad5)'), ('VCC', 'VCC'), ('Net-(C13-Pad1)', 'Net-(C10-Pad1)'), ('GND', 'GND'), ('unconnected-(U5-NC-Pad6)', 'unconnected-(U4-NC-Pad6)'), ('Net-(U5-RGND)', 'Net-(U4-RGND)'), ('unconnected-(U5-NC-Pad30)', 'unconnected-(U4-NC-Pad30)'), ('Net-(U5-FB)', 'Net-(U4-FB)'), ('unconnected-(U5-NC-Pad25)', 'unconnected-(U4-NC-Pad25)'), ('Net-(U5-EN)', 'Net-(U4-EN)'), ('unconnected-(U5-NC-Pad27)', 'unconnected-(U4-NC-Pad27)'), ('unconnected-(U5-CS-Pad12)', 'unconnected-(U4-CS-Pad12)'), ('Net-(U5-SW-Pad1)', 'Net-(U4-SW-Pad1)'), ('unconnected-(U5-NC-Pad8)', 'unconnected-(U4-NC-Pad8)'), ('unconnected-(U5-REF-Pad14)', 'unconnected-(U4-REF-Pad14)'), ('Net-(U5-PG)', 'Net-(U4-PG)'), ('unconnected-(U5-NC-Pad26)', 'unconnected-(U4-NC-Pad26)'), ('unconnected-(U5-MODE-Pad13)', 'unconnected-(U4-MODE-Pad13)')]
08-18 14:17:26 com_github_MitjaNemec_ReplicateLayout.replicate_layout 1054:Replicating zones on sheet ['PWR_template5']
08-18 14:17:26 com_github_MitjaNemec_ReplicateLayout.replicate_layout 766:Net pairs for sheet ['PWR_template5'] :[('unconnected-(U5-NC-Pad7)', 'unconnected-(U10-NC-Pad7)'), ('VCC', 'VCC'), ('Net-(U5-SW-Pad1)', 'Net-(U10-SW-Pad1)'), ('unconnected-(U5-REF-Pad14)', 'unconnected-(U10-REF-Pad14)'), ('GND', 'GND'), ('unconnected-(U5-NC-Pad9)', 'unconnected-(U10-NC-Pad9)'), ('unconnected-(U5-NC-Pad8)', 'unconnected-(U10-NC-Pad8)'), ('unconnected-(U5-CS-Pad12)', 'unconnected-(U10-CS-Pad12)'), ('unconnected-(U5-NC-Pad6)', 'unconnected-(U10-NC-Pad6)'), ('Net-(U5-RGND)', 'Net-(U10-RGND)'), ('unconnected-(U5-NC-Pad30)', 'unconnected-(U10-NC-Pad30)'), ('unconnected-(U5-MODE-Pad13)', 'unconnected-(U10-MODE-Pad13)'), ('Net-(U5-EN)', 'Net-(U10-EN)'), ('Net-(C13-Pad1)', 'Net-(C16-Pad1)'), ('unconnected-(U5-NC-Pad25)', 'unconnected-(U10-NC-Pad25)'), ('unconnected-(U5-NC-Pad27)', 'unconnected-(U10-NC-Pad27)'), ('unconnected-(U5-NC-Pad26)', 'unconnected-(U10-NC-Pad26)'), ('Net-(U5-FB)', 'Net-(U10-FB)'), ('Net-(U5-PG)', 'Net-(U10-PG)'), ('unconnected-(U5-NC-Pad5)', 'unconnected-(U10-NC-Pad5)')]
08-18 14:17:26 root 332:updating GUI message: 'Replicating text'
08-18 14:17:26 com_github_MitjaNemec_ReplicateLayout.replicate_layout 1136:Replicating text
08-18 14:17:26 com_github_MitjaNemec_ReplicateLayout.replicate_layout 1143:Replicating text on sheet ['PWR_template']
08-18 14:17:26 com_github_MitjaNemec_ReplicateLayout.replicate_layout 1143:Replicating text on sheet ['PWR_template1']
08-18 14:17:26 com_github_MitjaNemec_ReplicateLayout.replicate_layout 1143:Replicating text on sheet ['PWR_template2']
08-18 14:17:26 com_github_MitjaNemec_ReplicateLayout.replicate_layout 1143:Replicating text on sheet ['PWR_template3']
08-18 14:17:26 com_github_MitjaNemec_ReplicateLayout.replicate_layout 1143:Replicating text on sheet ['PWR_template5']
08-18 14:17:26 root 332:updating GUI message: 'Replicating drawings'
08-18 14:17:26 com_github_MitjaNemec_ReplicateLayout.replicate_layout 1187:Replicating drawings
08-18 14:17:26 com_github_MitjaNemec_ReplicateLayout.replicate_layout 1193:Replicating drawings on sheet ['PWR_template']
08-18 14:17:26 com_github_MitjaNemec_ReplicateLayout.replicate_layout 1193:Replicating drawings on sheet ['PWR_template1']
08-18 14:17:26 com_github_MitjaNemec_ReplicateLayout.replicate_layout 1193:Replicating drawings on sheet ['PWR_template2']
08-18 14:17:26 com_github_MitjaNemec_ReplicateLayout.replicate_layout 1193:Replicating drawings on sheet ['PWR_template3']
08-18 14:17:26 com_github_MitjaNemec_ReplicateLayout.replicate_layout 1193:Replicating drawings on sheet ['PWR_template5']
08-18 14:17:26 com_github_MitjaNemec_ReplicateLayout.action_replicate_layout 256:Replication complete
